Build started 6/21/2018 6:20:41 PM.
     1>Project "E:\Documents\Visual Studio 2010\Projects\Super_Calcilator_C++\Super_Calcilator_C++\Super_Calcilator_C++.vcxproj" on node 2 (build target(s)).
     1>PrepareForBuild:
         Creating directory "E:\Documents\Visual Studio 2010\Projects\Super_Calcilator_C++\Release\".
       InitializeBuildStatus:
         Creating "Release\Super_Calcilator_C++.unsuccessfulbuild" because "AlwaysCreate" was specified.
       ClCompile:
         C:\Program Files (x86)\Microsoft Visual Studio 10.0\VC\bin\CL.exe /c /Zi /nologo /W3 /WX- /O2 /Oi /Oy- /GL /D WIN32 /D NDEBUG /D _CONSOLE /D _UNICODE /D UNICODE /Gm- /EHsc /MD /GS /Gy /fp:precise /Zc:wchar_t /Zc:forScope /Yc"StdAfx.h" /Fp"Release\Super_Calcilator_C++.pch" /Fo"Release\\" /Fd"Release\vc100.pdb" /Gd /TP /analyze- /errorReport:prompt stdafx.cpp
         stdafx.cpp
         C:\Program Files (x86)\Microsoft Visual Studio 10.0\VC\bin\CL.exe /c /Zi /nologo /W3 /WX- /O2 /Oi /Oy- /GL /D WIN32 /D NDEBUG /D _CONSOLE /D _UNICODE /D UNICODE /Gm- /EHsc /MD /GS /Gy /fp:precise /Zc:wchar_t /Zc:forScope /Yu"StdAfx.h" /Fp"Release\Super_Calcilator_C++.pch" /Fo"Release\\" /Fd"Release\vc100.pdb" /Gd /TP /analyze- /errorReport:prompt Super_Calcilator_C++.cpp
         Super_Calcilator_C++.cpp
     1>Super_Calcilator_C++.cpp(36): warning C4129: 'o' : unrecognized character escape sequence
     1>Super_Calcilator_C++.cpp(37): warning C4129: 'o' : unrecognized character escape sequence
     1>Super_Calcilator_C++.cpp(38): warning C4129: 'o' : unrecognized character escape sequence
     1>Super_Calcilator_C++.cpp(39): warning C4129: 'o' : unrecognized character escape sequence
     1>Super_Calcilator_C++.cpp(40): warning C4129: 'o' : unrecognized character escape sequence
     1>Super_Calcilator_C++.cpp(41): warning C4129: 'o' : unrecognized character escape sequence
     1>Super_Calcilator_C++.cpp(42): warning C4129: 'o' : unrecognized character escape sequence
     1>Super_Calcilator_C++.cpp(50): warning C4018: '<' : signed/unsigned mismatch
     1>Super_Calcilator_C++.cpp(57): warning C4018: '<' : signed/unsigned mismatch
     1>Super_Calcilator_C++.cpp(64): warning C4018: '<' : signed/unsigned mismatch
     1>Super_Calcilator_C++.cpp(71): warning C4018: '<' : signed/unsigned mismatch
     1>Super_Calcilator_C++.cpp(79): warning C4018: '<' : signed/unsigned mismatch
     1>Super_Calcilator_C++.cpp(86): warning C4018: '<' : signed/unsigned mismatch
     1>Super_Calcilator_C++.cpp(94): warning C4018: '<' : signed/unsigned mismatch
     1>Super_Calcilator_C++.cpp(101): warning C4018: '<' : signed/unsigned mismatch
     1>Super_Calcilator_C++.cpp(109): warning C4018: '<' : signed/unsigned mismatch
     1>Super_Calcilator_C++.cpp(116): warning C4018: '<' : signed/unsigned mismatch
     1>Super_Calcilator_C++.cpp(124): warning C4018: '<' : signed/unsigned mismatch
     1>Super_Calcilator_C++.cpp(131): warning C4018: '<' : signed/unsigned mismatch
     1>Super_Calcilator_C++.cpp(139): warning C4018: '<' : signed/unsigned mismatch
     1>Super_Calcilator_C++.cpp(176): warning C4244: '=' : conversion from 'double' to 'int', possible loss of data
     1>Super_Calcilator_C++.cpp(189): warning C4018: '<' : signed/unsigned mismatch
     1>Super_Calcilator_C++.cpp(249): warning C4018: '<' : signed/unsigned mismatch
     1>Super_Calcilator_C++.cpp(272): warning C4018: '<' : signed/unsigned mismatch
     1>Super_Calcilator_C++.cpp(295): warning C4018: '<' : signed/unsigned mismatch
     1>Super_Calcilator_C++.cpp(318): warning C4018: '<' : signed/unsigned mismatch
     1>Super_Calcilator_C++.cpp(341): warning C4018: '<' : signed/unsigned mismatch
     1>Super_Calcilator_C++.cpp(363): warning C4018: '<' : signed/unsigned mismatch
     1>Super_Calcilator_C++.cpp(368): warning C4018: '<' : signed/unsigned mismatch
     1>Super_Calcilator_C++.cpp(373): warning C4018: '<' : signed/unsigned mismatch
     1>Super_Calcilator_C++.cpp(378): warning C4018: '<' : signed/unsigned mismatch
     1>Super_Calcilator_C++.cpp(383): warning C4018: '<' : signed/unsigned mismatch
     1>Super_Calcilator_C++.cpp(386): warning C4244: '=' : conversion from 'double' to 'int', possible loss of data
     1>Super_Calcilator_C++.cpp(388): warning C4018: '<' : signed/unsigned mismatch
     1>Super_Calcilator_C++.cpp(411): warning C4018: '<' : signed/unsigned mismatch
     1>Super_Calcilator_C++.cpp(414): warning C4244: '=' : conversion from 'double' to 'int', possible loss of data
       Link:
         C:\Program Files (x86)\Microsoft Visual Studio 10.0\VC\bin\link.exe /ERRORREPORT:PROMPT /OUT:"E:\Documents\Visual Studio 2010\Projects\Super_Calcilator_C++\Release\Super_Calcilator_C++.exe" /INCREMENTAL:NO /NOLOGO kernel32.lib user32.lib gdi32.lib winspool.lib comdlg32.lib advapi32.lib shell32.lib ole32.lib oleaut32.lib uuid.lib odbc32.lib odbccp32.lib /MANIFEST /ManifestFile:"Release\Super_Calcilator_C++.exe.intermediate.manifest" /MANIFESTUAC:"level='asInvoker' uiAccess='false'" /DEBUG /PDB:"E:\Documents\Visual Studio 2010\Projects\Super_Calcilator_C++\Release\Super_Calcilator_C++.pdb" /SUBSYSTEM:CONSOLE /OPT:REF /OPT:ICF /LTCG /TLBID:1 /DYNAMICBASE /NXCOMPAT /IMPLIB:"E:\Documents\Visual Studio 2010\Projects\Super_Calcilator_C++\Release\Super_Calcilator_C++.lib" /MACHINE:X86 Release\stdafx.obj
         Release\Super_Calcilator_C++.obj
         Generating code
         Finished generating code
         Super_Calcilator_C++.vcxproj -> E:\Documents\Visual Studio 2010\Projects\Super_Calcilator_C++\Release\Super_Calcilator_C++.exe
       Manifest:
         C:\Program Files (x86)\Microsoft SDKs\Windows\v7.0A\bin\mt.exe /nologo /verbose /outputresource:"E:\Documents\Visual Studio 2010\Projects\Super_Calcilator_C++\Release\Super_Calcilator_C++.exe;#1" /manifest Release\Super_Calcilator_C++.exe.intermediate.manifest
       FinalizeBuildStatus:
         Deleting file "Release\Super_Calcilator_C++.unsuccessfulbuild".
         Touching "Release\Super_Calcilator_C++.lastbuildstate".
     1>Done Building Project "E:\Documents\Visual Studio 2010\Projects\Super_Calcilator_C++\Super_Calcilator_C++\Super_Calcilator_C++.vcxproj" (build target(s)).

Build succeeded.

Time Elapsed 00:00:04.62
