Build started 6/21/2018 6:20:14 PM.
     1>Project "E:\Documents\Visual Studio 2010\Projects\Super_Calcilator_C++\Super_Calcilator_C++\Super_Calcilator_C++.vcxproj" on node 2 (build target(s)).
     1>PrepareForBuild:
         Creating directory "E:\Documents\Visual Studio 2010\Projects\Super_Calcilator_C++\Debug\".
       InitializeBuildStatus:
         Creating "Debug\Super_Calcilator_C++.unsuccessfulbuild" because "AlwaysCreate" was specified.
       ClCompile:
         C:\Program Files (x86)\Microsoft Visual Studio 10.0\VC\bin\CL.exe /c /ZI /nologo /W3 /WX- /Od /Oy- /D WIN32 /D _DEBUG /D _CONSOLE /D _UNICODE /D UNICODE /Gm /EHsc /RTC1 /MDd /GS /fp:precise /Zc:wchar_t /Zc:forScope /Yc"StdAfx.h" /Fp"Debug\Super_Calcilator_C++.pch" /Fo"Debug\\" /Fd"Debug\vc100.pdb" /Gd /TP /analyze- /errorReport:prompt stdafx.cpp
         stdafx.cpp
         C:\Program Files (x86)\Microsoft Visual Studio 10.0\VC\bin\CL.exe /c /ZI /nologo /W3 /WX- /Od /Oy- /D WIN32 /D _DEBUG /D _CONSOLE /D _UNICODE /D UNICODE /Gm /EHsc /RTC1 /MDd /GS /fp:precise /Zc:wchar_t /Zc:forScope /Yu"StdAfx.h" /Fp"Debug\Super_Calcilator_C++.pch" /Fo"Debug\\" /Fd"Debug\vc100.pdb" /Gd /TP /analyze- /errorReport:prompt Super_Calcilator_C++.cpp
         Super_Calcilator_C++.cpp
     1>e:\documents\visual studio 2010\projects\super_calcilator_c++\super_calcilator_c++\super_calcilator_c++.cpp(36): warning C4129: 'o' : unrecognized character escape sequence
     1>e:\documents\visual studio 2010\projects\super_calcilator_c++\super_calcilator_c++\super_calcilator_c++.cpp(37): warning C4129: 'o' : unrecognized character escape sequence
     1>e:\documents\visual studio 2010\projects\super_calcilator_c++\super_calcilator_c++\super_calcilator_c++.cpp(38): warning C4129: 'o' : unrecognized character escape sequence
     1>e:\documents\visual studio 2010\projects\super_calcilator_c++\super_calcilator_c++\super_calcilator_c++.cpp(39): warning C4129: 'o' : unrecognized character escape sequence
     1>e:\documents\visual studio 2010\projects\super_calcilator_c++\super_calcilator_c++\super_calcilator_c++.cpp(40): warning C4129: 'o' : unrecognized character escape sequence
     1>e:\documents\visual studio 2010\projects\super_calcilator_c++\super_calcilator_c++\super_calcilator_c++.cpp(41): warning C4129: 'o' : unrecognized character escape sequence
     1>e:\documents\visual studio 2010\projects\super_calcilator_c++\super_calcilator_c++\super_calcilator_c++.cpp(42): warning C4129: 'o' : unrecognized character escape sequence
     1>e:\documents\visual studio 2010\projects\super_calcilator_c++\super_calcilator_c++\super_calcilator_c++.cpp(50): warning C4018: '<' : signed/unsigned mismatch
     1>e:\documents\visual studio 2010\projects\super_calcilator_c++\super_calcilator_c++\super_calcilator_c++.cpp(57): warning C4018: '<' : signed/unsigned mismatch
     1>e:\documents\visual studio 2010\projects\super_calcilator_c++\super_calcilator_c++\super_calcilator_c++.cpp(64): warning C4018: '<' : signed/unsigned mismatch
     1>e:\documents\visual studio 2010\projects\super_calcilator_c++\super_calcilator_c++\super_calcilator_c++.cpp(71): warning C4018: '<' : signed/unsigned mismatch
     1>e:\documents\visual studio 2010\projects\super_calcilator_c++\super_calcilator_c++\super_calcilator_c++.cpp(79): warning C4018: '<' : signed/unsigned mismatch
     1>e:\documents\visual studio 2010\projects\super_calcilator_c++\super_calcilator_c++\super_calcilator_c++.cpp(86): warning C4018: '<' : signed/unsigned mismatch
     1>e:\documents\visual studio 2010\projects\super_calcilator_c++\super_calcilator_c++\super_calcilator_c++.cpp(94): warning C4018: '<' : signed/unsigned mismatch
     1>e:\documents\visual studio 2010\projects\super_calcilator_c++\super_calcilator_c++\super_calcilator_c++.cpp(101): warning C4018: '<' : signed/unsigned mismatch
     1>e:\documents\visual studio 2010\projects\super_calcilator_c++\super_calcilator_c++\super_calcilator_c++.cpp(109): warning C4018: '<' : signed/unsigned mismatch
     1>e:\documents\visual studio 2010\projects\super_calcilator_c++\super_calcilator_c++\super_calcilator_c++.cpp(116): warning C4018: '<' : signed/unsigned mismatch
     1>e:\documents\visual studio 2010\projects\super_calcilator_c++\super_calcilator_c++\super_calcilator_c++.cpp(124): warning C4018: '<' : signed/unsigned mismatch
     1>e:\documents\visual studio 2010\projects\super_calcilator_c++\super_calcilator_c++\super_calcilator_c++.cpp(131): warning C4018: '<' : signed/unsigned mismatch
     1>e:\documents\visual studio 2010\projects\super_calcilator_c++\super_calcilator_c++\super_calcilator_c++.cpp(139): warning C4018: '<' : signed/unsigned mismatch
     1>e:\documents\visual studio 2010\projects\super_calcilator_c++\super_calcilator_c++\super_calcilator_c++.cpp(176): warning C4244: '=' : conversion from 'double' to 'int', possible loss of data
     1>e:\documents\visual studio 2010\projects\super_calcilator_c++\super_calcilator_c++\super_calcilator_c++.cpp(189): warning C4018: '<' : signed/unsigned mismatch
     1>e:\documents\visual studio 2010\projects\super_calcilator_c++\super_calcilator_c++\super_calcilator_c++.cpp(249): warning C4018: '<' : signed/unsigned mismatch
     1>e:\documents\visual studio 2010\projects\super_calcilator_c++\super_calcilator_c++\super_calcilator_c++.cpp(272): warning C4018: '<' : signed/unsigned mismatch
     1>e:\documents\visual studio 2010\projects\super_calcilator_c++\super_calcilator_c++\super_calcilator_c++.cpp(295): warning C4018: '<' : signed/unsigned mismatch
     1>e:\documents\visual studio 2010\projects\super_calcilator_c++\super_calcilator_c++\super_calcilator_c++.cpp(318): warning C4018: '<' : signed/unsigned mismatch
     1>e:\documents\visual studio 2010\projects\super_calcilator_c++\super_calcilator_c++\super_calcilator_c++.cpp(341): warning C4018: '<' : signed/unsigned mismatch
     1>e:\documents\visual studio 2010\projects\super_calcilator_c++\super_calcilator_c++\super_calcilator_c++.cpp(363): warning C4018: '<' : signed/unsigned mismatch
     1>e:\documents\visual studio 2010\projects\super_calcilator_c++\super_calcilator_c++\super_calcilator_c++.cpp(368): warning C4018: '<' : signed/unsigned mismatch
     1>e:\documents\visual studio 2010\projects\super_calcilator_c++\super_calcilator_c++\super_calcilator_c++.cpp(373): warning C4018: '<' : signed/unsigned mismatch
     1>e:\documents\visual studio 2010\projects\super_calcilator_c++\super_calcilator_c++\super_calcilator_c++.cpp(378): warning C4018: '<' : signed/unsigned mismatch
     1>e:\documents\visual studio 2010\projects\super_calcilator_c++\super_calcilator_c++\super_calcilator_c++.cpp(383): warning C4018: '<' : signed/unsigned mismatch
     1>e:\documents\visual studio 2010\projects\super_calcilator_c++\super_calcilator_c++\super_calcilator_c++.cpp(386): warning C4244: '=' : conversion from 'double' to 'int', possible loss of data
     1>e:\documents\visual studio 2010\projects\super_calcilator_c++\super_calcilator_c++\super_calcilator_c++.cpp(388): warning C4018: '<' : signed/unsigned mismatch
     1>e:\documents\visual studio 2010\projects\super_calcilator_c++\super_calcilator_c++\super_calcilator_c++.cpp(411): warning C4018: '<' : signed/unsigned mismatch
     1>e:\documents\visual studio 2010\projects\super_calcilator_c++\super_calcilator_c++\super_calcilator_c++.cpp(414): warning C4244: '=' : conversion from 'double' to 'int', possible loss of data
       ManifestResourceCompile:
         C:\Program Files (x86)\Microsoft SDKs\Windows\v7.0A\bin\rc.exe /nologo /fo"Debug\Super_Calcilator_C++.exe.embed.manifest.res" Debug\Super_Calcilator_C++_manifest.rc 
       Link:
         C:\Program Files (x86)\Microsoft Visual Studio 10.0\VC\bin\link.exe /ERRORREPORT:PROMPT /OUT:"E:\Documents\Visual Studio 2010\Projects\Super_Calcilator_C++\Debug\Super_Calcilator_C++.exe" /INCREMENTAL /NOLOGO kernel32.lib user32.lib gdi32.lib winspool.lib comdlg32.lib advapi32.lib shell32.lib ole32.lib oleaut32.lib uuid.lib odbc32.lib odbccp32.lib /MANIFEST /ManifestFile:"Debug\Super_Calcilator_C++.exe.intermediate.manifest" /MANIFESTUAC:"level='asInvoker' uiAccess='false'" /DEBUG /PDB:"E:\Documents\Visual Studio 2010\Projects\Super_Calcilator_C++\Debug\Super_Calcilator_C++.pdb" /SUBSYSTEM:CONSOLE /TLBID:1 /DYNAMICBASE /NXCOMPAT /IMPLIB:"E:\Documents\Visual Studio 2010\Projects\Super_Calcilator_C++\Debug\Super_Calcilator_C++.lib" /MACHINE:X86 Debug\Super_Calcilator_C++.exe.embed.manifest.res
         Debug\stdafx.obj
         Debug\Super_Calcilator_C++.obj
       Manifest:
         C:\Program Files (x86)\Microsoft SDKs\Windows\v7.0A\bin\mt.exe /nologo /verbose /out:"Debug\Super_Calcilator_C++.exe.embed.manifest" /manifest Debug\Super_Calcilator_C++.exe.intermediate.manifest
         C:\Program Files (x86)\Microsoft SDKs\Windows\v7.0A\bin\rc.exe /nologo /fo"Debug\Super_Calcilator_C++.exe.embed.manifest.res" Debug\Super_Calcilator_C++_manifest.rc 
       LinkEmbedManifest:
         C:\Program Files (x86)\Microsoft Visual Studio 10.0\VC\bin\link.exe /ERRORREPORT:PROMPT /OUT:"E:\Documents\Visual Studio 2010\Projects\Super_Calcilator_C++\Debug\Super_Calcilator_C++.exe" /INCREMENTAL /NOLOGO kernel32.lib user32.lib gdi32.lib winspool.lib comdlg32.lib advapi32.lib shell32.lib ole32.lib oleaut32.lib uuid.lib odbc32.lib odbccp32.lib /MANIFEST /ManifestFile:"Debug\Super_Calcilator_C++.exe.intermediate.manifest" /MANIFESTUAC:"level='asInvoker' uiAccess='false'" /DEBUG /PDB:"E:\Documents\Visual Studio 2010\Projects\Super_Calcilator_C++\Debug\Super_Calcilator_C++.pdb" /SUBSYSTEM:CONSOLE /TLBID:1 /DYNAMICBASE /NXCOMPAT /IMPLIB:"E:\Documents\Visual Studio 2010\Projects\Super_Calcilator_C++\Debug\Super_Calcilator_C++.lib" /MACHINE:X86 Debug\Super_Calcilator_C++.exe.embed.manifest.res
         Debug\stdafx.obj
         Debug\Super_Calcilator_C++.obj
         Super_Calcilator_C++.vcxproj -> E:\Documents\Visual Studio 2010\Projects\Super_Calcilator_C++\Debug\Super_Calcilator_C++.exe
       FinalizeBuildStatus:
         Deleting file "Debug\Super_Calcilator_C++.unsuccessfulbuild".
         Touching "Debug\Super_Calcilator_C++.lastbuildstate".
     1>Done Building Project "E:\Documents\Visual Studio 2010\Projects\Super_Calcilator_C++\Super_Calcilator_C++\Super_Calcilator_C++.vcxproj" (build target(s)).

Build succeeded.

Time Elapsed 00:00:11.28
